<?xml version="1.0" encoding="UTF-8"?>
<coverage generated="1774888480950" clover="3.2.0">
  <project timestamp="1774888480950" name="All files">
    <metrics statements="65" coveredstatements="64" conditionals="93" coveredconditionals="88" methods="27" coveredmethods="26" elements="185" coveredelements="178" complexity="0" loc="65" ncloc="65" packages="8" files="8" classes="8"/>
    <package name="Alert">
      <metrics statements="6" coveredstatements="6" conditionals="6" coveredconditionals="6" methods="2" coveredmethods="2"/>
      <file name="Alert.tsx" path="D:\Practies\heartscomponent\src\components\Alert\Alert.tsx">
        <metrics statements="6" coveredstatements="6" conditionals="6" coveredconditionals="6" methods="2" coveredmethods="2"/>
        <line num="16" count="6" type="stmt"/>
        <line num="18" count="6" type="cond" truecount="2" falsecount="0"/>
        <line num="20" count="5" type="stmt"/>
        <line num="21" count="1" type="stmt"/>
        <line num="22" count="1" type="stmt"/>
        <line num="25" count="5" type="stmt"/>
      </file>
    </package>
    <package name="Button">
      <metrics statements="2" coveredstatements="2" conditionals="12" coveredconditionals="12" methods="1" coveredmethods="1"/>
      <file name="Button.tsx" path="D:\Practies\heartscomponent\src\components\Button\Button.tsx">
        <metrics statements="2" coveredstatements="2" conditionals="12" coveredconditionals="12" methods="1" coveredmethods="1"/>
        <line num="20" count="5" type="cond" truecount="2" falsecount="0"/>
        <line num="22" count="5" type="stmt"/>
      </file>
    </package>
    <package name="Card">
      <metrics statements="1" coveredstatements="1" conditionals="9" coveredconditionals="8" methods="1" coveredmethods="1"/>
      <file name="Card.tsx" path="D:\Practies\heartscomponent\src\components\Card\Card.tsx">
        <metrics statements="1" coveredstatements="1" conditionals="9" coveredconditionals="8" methods="1" coveredmethods="1"/>
        <line num="18" count="6" type="stmt"/>
      </file>
    </package>
    <package name="Dropdown">
      <metrics statements="22" coveredstatements="22" conditionals="21" coveredconditionals="19" methods="10" coveredmethods="10"/>
      <file name="Dropdown.tsx" path="D:\Practies\heartscomponent\src\components\Dropdown\Dropdown.tsx">
        <metrics statements="22" coveredstatements="22" conditionals="21" coveredconditionals="19" methods="10" coveredmethods="10"/>
        <line num="23" count="15" type="stmt"/>
        <line num="24" count="15" type="stmt"/>
        <line num="26" count="44" type="stmt"/>
        <line num="28" count="15" type="stmt"/>
        <line num="29" count="7" type="stmt"/>
        <line num="30" count="1" type="cond" truecount="3" falsecount="1"/>
        <line num="31" count="1" type="stmt"/>
        <line num="35" count="7" type="stmt"/>
        <line num="36" count="7" type="stmt"/>
        <line num="39" count="15" type="stmt"/>
        <line num="40" count="1" type="stmt"/>
        <line num="41" count="1" type="stmt"/>
        <line num="44" count="15" type="stmt"/>
        <line num="45" count="2" type="cond" truecount="4" falsecount="0"/>
        <line num="46" count="1" type="stmt"/>
        <line num="47" count="1" type="stmt"/>
        <line num="49" count="2" type="cond" truecount="2" falsecount="0"/>
        <line num="50" count="1" type="stmt"/>
        <line num="54" count="15" type="stmt"/>
        <line num="59" count="4" type="stmt"/>
        <line num="71" count="12" type="stmt"/>
        <line num="74" count="1" type="stmt"/>
      </file>
    </package>
    <package name="Input">
      <metrics statements="5" coveredstatements="5" conditionals="17" coveredconditionals="17" methods="1" coveredmethods="1"/>
      <file name="Input.tsx" path="D:\Practies\heartscomponent\src\components\Input\Input.tsx">
        <metrics statements="5" coveredstatements="5" conditionals="17" coveredconditionals="17" methods="1" coveredmethods="1"/>
        <line num="28" count="8" type="stmt"/>
        <line num="29" count="8" type="cond" truecount="2" falsecount="0"/>
        <line num="33" count="8" type="cond" truecount="2" falsecount="0"/>
        <line num="34" count="8" type="cond" truecount="2" falsecount="0"/>
        <line num="36" count="8" type="stmt"/>
      </file>
    </package>
    <package name="Modal">
      <metrics statements="11" coveredstatements="10" conditionals="8" coveredconditionals="7" methods="5" coveredmethods="4"/>
      <file name="Modal.tsx" path="D:\Practies\heartscomponent\src\components\Modal\Modal.tsx">
        <metrics statements="11" coveredstatements="10" conditionals="8" coveredconditionals="7" methods="5" coveredmethods="4"/>
        <line num="11" count="3" type="stmt"/>
        <line num="13" count="3" type="stmt"/>
        <line num="14" count="3" type="stmt"/>
        <line num="15" count="1" type="cond" truecount="1" falsecount="1"/>
        <line num="18" count="3" type="cond" truecount="2" falsecount="0"/>
        <line num="19" count="2" type="stmt"/>
        <line num="20" count="2" type="stmt"/>
        <line num="23" count="3" type="stmt"/>
        <line num="26" count="3" type="cond" truecount="2" falsecount="0"/>
        <line num="28" count="2" type="stmt"/>
        <line num="37" count="0" type="stmt"/>
      </file>
    </package>
    <package name="Tabs">
      <metrics statements="7" coveredstatements="7" conditionals="3" coveredconditionals="3" methods="4" coveredmethods="4"/>
      <file name="Tabs.tsx" path="D:\Practies\heartscomponent\src\components\Tabs\Tabs.tsx">
        <metrics statements="7" coveredstatements="7" conditionals="3" coveredconditionals="3" methods="4" coveredmethods="4"/>
        <line num="15" count="8" type="stmt"/>
        <line num="17" count="8" type="stmt"/>
        <line num="18" count="2" type="stmt"/>
        <line num="19" count="2" type="stmt"/>
        <line num="22" count="8" type="stmt"/>
        <line num="26" count="21" type="stmt"/>
        <line num="29" count="2" type="stmt"/>
      </file>
    </package>
    <package name="Toggle">
      <metrics statements="11" coveredstatements="11" conditionals="17" coveredconditionals="16" methods="3" coveredmethods="3"/>
      <file name="Toggle.tsx" path="D:\Practies\heartscomponent\src\components\Toggle\Toggle.tsx">
        <metrics statements="11" coveredstatements="11" conditionals="17" coveredconditionals="16" methods="3" coveredmethods="3"/>
        <line num="16" count="10" type="stmt"/>
        <line num="18" count="10" type="cond" truecount="2" falsecount="0"/>
        <line num="20" count="10" type="stmt"/>
        <line num="21" count="5" type="cond" truecount="2" falsecount="0"/>
        <line num="22" count="4" type="stmt"/>
        <line num="23" count="4" type="stmt"/>
        <line num="24" count="4" type="stmt"/>
        <line num="27" count="10" type="stmt"/>
        <line num="33" count="2" type="cond" truecount="3" falsecount="1"/>
        <line num="34" count="2" type="stmt"/>
        <line num="35" count="2" type="stmt"/>
      </file>
    </package>
  </project>
</coverage>
