{"D:\\Practies\\heartscomponent\\src\\components\\Alert\\Alert.tsx": {"path":"D:\\Practies\\heartscomponent\\src\\components\\Alert\\Alert.tsx","statementMap":{"0":{"start":{"line":16,"column":32},"end":{"line":16,"column":46}},"1":{"start":{"line":18,"column":2},"end":{"line":18,"column":28}},"2":{"start":{"line":18,"column":16},"end":{"line":18,"column":28}},"3":{"start":{"line":20,"column":24},"end":{"line":23,"column":3}},"4":{"start":{"line":21,"column":4},"end":{"line":21,"column":22}},"5":{"start":{"line":22,"column":4},"end":{"line":22,"column":18}},"6":{"start":{"line":25,"column":2},"end":{"line":38,"column":4}}},"fnMap":{"0":{"name":"Alert","decl":{"start":{"line":10,"column":16},"end":{"line":10,"column":21}},"loc":{"start":{"line":15,"column":15},"end":{"line":39,"column":1}},"line":15},"1":{"name":"(anonymous_1)","decl":{"start":{"line":20,"column":24},"end":{"line":20,"column":25}},"loc":{"start":{"line":20,"column":30},"end":{"line":23,"column":3}},"line":20}},"branchMap":{"0":{"loc":{"start":{"line":12,"column":2},"end":{"line":12,"column":18}},"type":"default-arg","locations":[{"start":{"line":12,"column":12},"end":{"line":12,"column":18}}],"line":12},"1":{"loc":{"start":{"line":13,"column":2},"end":{"line":13,"column":21}},"type":"default-arg","locations":[{"start":{"line":13,"column":16},"end":{"line":13,"column":21}}],"line":13},"2":{"loc":{"start":{"line":18,"column":2},"end":{"line":18,"column":28}},"type":"if","locations":[{"start":{"line":18,"column":2},"end":{"line":18,"column":28}},{"start":{},"end":{}}],"line":18},"3":{"loc":{"start":{"line":28,"column":7},"end":{"line":36,"column":7}},"type":"binary-expr","locations":[{"start":{"line":28,"column":7},"end":{"line":28,"column":18}},{"start":{"line":29,"column":8},"end":{"line":35,"column":17}}],"line":28}},"s":{"0":6,"1":6,"2":1,"3":5,"4":1,"5":1,"6":5},"f":{"0":6,"1":1},"b":{"0":[5],"1":[3],"2":[1,5],"3":[5,2]},"_coverageSchema":"1a1c01bbd47fc00a2c39e90264f33305004495a9","hash":"785ee115c74893737385c1c5208032dad38ce38e"}
,"D:\\Practies\\heartscomponent\\src\\components\\Button\\Button.tsx": {"path":"D:\\Practies\\heartscomponent\\src\\components\\Button\\Button.tsx","statementMap":{"0":{"start":{"line":20,"column":21},"end":{"line":20,"column":40}},"1":{"start":{"line":22,"column":2},"end":{"line":30,"column":4}}},"fnMap":{"0":{"name":"Button","decl":{"start":{"line":12,"column":16},"end":{"line":12,"column":22}},"loc":{"start":{"line":19,"column":16},"end":{"line":31,"column":1}},"line":19}},"branchMap":{"0":{"loc":{"start":{"line":15,"column":2},"end":{"line":15,"column":18}},"type":"default-arg","locations":[{"start":{"line":15,"column":13},"end":{"line":15,"column":18}}],"line":15},"1":{"loc":{"start":{"line":16,"column":2},"end":{"line":16,"column":21}},"type":"default-arg","locations":[{"start":{"line":16,"column":12},"end":{"line":16,"column":21}}],"line":16},"2":{"loc":{"start":{"line":17,"column":2},"end":{"line":17,"column":17}},"type":"default-arg","locations":[{"start":{"line":17,"column":12},"end":{"line":17,"column":17}}],"line":17},"3":{"loc":{"start":{"line":18,"column":2},"end":{"line":18,"column":16}},"type":"default-arg","locations":[{"start":{"line":18,"column":14},"end":{"line":18,"column":16}}],"line":18},"4":{"loc":{"start":{"line":20,"column":21},"end":{"line":20,"column":40}},"type":"binary-expr","locations":[{"start":{"line":20,"column":21},"end":{"line":20,"column":29}},{"start":{"line":20,"column":33},"end":{"line":20,"column":40}}],"line":20},"5":{"loc":{"start":{"line":24,"column":39},"end":{"line":24,"column":69}},"type":"cond-expr","locations":[{"start":{"line":24,"column":50},"end":{"line":24,"column":64}},{"start":{"line":24,"column":67},"end":{"line":24,"column":69}}],"line":24},"6":{"loc":{"start":{"line":25,"column":15},"end":{"line":25,"column":47}},"type":"cond-expr","locations":[{"start":{"line":25,"column":28},"end":{"line":25,"column":37}},{"start":{"line":25,"column":40},"end":{"line":25,"column":47}}],"line":25},"7":{"loc":{"start":{"line":28,"column":7},"end":{"line":28,"column":75}},"type":"cond-expr","locations":[{"start":{"line":28,"column":17},"end":{"line":28,"column":64}},{"start":{"line":28,"column":67},"end":{"line":28,"column":75}}],"line":28}},"s":{"0":5,"1":5},"f":{"0":5},"b":{"0":[4],"1":[4],"2":[4],"3":[5],"4":[5,4],"5":[1,4],"6":[2,3],"7":[1,4]},"_coverageSchema":"1a1c01bbd47fc00a2c39e90264f33305004495a9","hash":"27d8a8b685e33d684e89254c615249e6f99403f1"}
,"D:\\Practies\\heartscomponent\\src\\components\\Card\\Card.tsx": {"path":"D:\\Practies\\heartscomponent\\src\\components\\Card\\Card.tsx","statementMap":{"0":{"start":{"line":18,"column":2},"end":{"line":29,"column":4}}},"fnMap":{"0":{"name":"Card","decl":{"start":{"line":11,"column":16},"end":{"line":11,"column":20}},"loc":{"start":{"line":17,"column":14},"end":{"line":30,"column":1}},"line":17}},"branchMap":{"0":{"loc":{"start":{"line":16,"column":2},"end":{"line":16,"column":16}},"type":"default-arg","locations":[{"start":{"line":16,"column":14},"end":{"line":16,"column":16}}],"line":16},"1":{"loc":{"start":{"line":20,"column":7},"end":{"line":20,"column":76}},"type":"binary-expr","locations":[{"start":{"line":20,"column":7},"end":{"line":20,"column":12}},{"start":{"line":20,"column":16},"end":{"line":20,"column":76}}],"line":20},"2":{"loc":{"start":{"line":20,"column":61},"end":{"line":20,"column":72}},"type":"binary-expr","locations":[{"start":{"line":20,"column":61},"end":{"line":20,"column":66}},{"start":{"line":20,"column":70},"end":{"line":20,"column":72}}],"line":20},"3":{"loc":{"start":{"line":21,"column":7},"end":{"line":25,"column":7}},"type":"binary-expr","locations":[{"start":{"line":21,"column":7},"end":{"line":21,"column":12}},{"start":{"line":22,"column":8},"end":{"line":24,"column":14}}],"line":21},"4":{"loc":{"start":{"line":27,"column":7},"end":{"line":27,"column":63}},"type":"binary-expr","locations":[{"start":{"line":27,"column":7},"end":{"line":27,"column":14}},{"start":{"line":27,"column":18},"end":{"line":27,"column":63}}],"line":27}},"s":{"0":6},"f":{"0":6},"b":{"0":[5],"1":[6,1],"2":[1,0],"3":[6,2],"4":[6,1]},"_coverageSchema":"1a1c01bbd47fc00a2c39e90264f33305004495a9","hash":"a833677c892a6db09599a3e3cdc0d336bb5ca052"}
,"D:\\Practies\\heartscomponent\\src\\components\\Dropdown\\Dropdown.tsx": {"path":"D:\\Practies\\heartscomponent\\src\\components\\Dropdown\\Dropdown.tsx","statementMap":{"0":{"start":{"line":23,"column":30},"end":{"line":23,"column":45}},"1":{"start":{"line":24,"column":14},"end":{"line":24,"column":42}},"2":{"start":{"line":26,"column":23},"end":{"line":26,"column":65}},"3":{"start":{"line":26,"column":44},"end":{"line":26,"column":64}},"4":{"start":{"line":28,"column":2},"end":{"line":37,"column":9}},"5":{"start":{"line":29,"column":31},"end":{"line":33,"column":5}},"6":{"start":{"line":30,"column":6},"end":{"line":32,"column":7}},"7":{"start":{"line":31,"column":8},"end":{"line":31,"column":25}},"8":{"start":{"line":35,"column":4},"end":{"line":35,"column":63}},"9":{"start":{"line":36,"column":4},"end":{"line":36,"column":79}},"10":{"start":{"line":36,"column":17},"end":{"line":36,"column":78}},"11":{"start":{"line":39,"column":23},"end":{"line":42,"column":3}},"12":{"start":{"line":40,"column":4},"end":{"line":40,"column":26}},"13":{"start":{"line":41,"column":4},"end":{"line":41,"column":21}},"14":{"start":{"line":44,"column":24},"end":{"line":52,"column":3}},"15":{"start":{"line":45,"column":4},"end":{"line":48,"column":5}},"16":{"start":{"line":46,"column":6},"end":{"line":46,"column":25}},"17":{"start":{"line":47,"column":6},"end":{"line":47,"column":25}},"18":{"start":{"line":49,"column":4},"end":{"line":51,"column":5}},"19":{"start":{"line":50,"column":6},"end":{"line":50,"column":23}},"20":{"start":{"line":54,"column":2},"end":{"line":84,"column":4}},"21":{"start":{"line":59,"column":23},"end":{"line":59,"column":41}},"22":{"start":{"line":71,"column":12},"end":{"line":79,"column":17}},"23":{"start":{"line":74,"column":29},"end":{"line":74,"column":53}}},"fnMap":{"0":{"name":"Dropdown","decl":{"start":{"line":16,"column":16},"end":{"line":16,"column":24}},"loc":{"start":{"line":22,"column":18},"end":{"line":85,"column":1}},"line":22},"1":{"name":"(anonymous_1)","decl":{"start":{"line":26,"column":34},"end":{"line":26,"column":35}},"loc":{"start":{"line":26,"column":44},"end":{"line":26,"column":64}},"line":26},"2":{"name":"(anonymous_2)","decl":{"start":{"line":28,"column":12},"end":{"line":28,"column":13}},"loc":{"start":{"line":28,"column":18},"end":{"line":37,"column":3}},"line":28},"3":{"name":"(anonymous_3)","decl":{"start":{"line":29,"column":31},"end":{"line":29,"column":32}},"loc":{"start":{"line":29,"column":50},"end":{"line":33,"column":5}},"line":29},"4":{"name":"(anonymous_4)","decl":{"start":{"line":36,"column":11},"end":{"line":36,"column":12}},"loc":{"start":{"line":36,"column":17},"end":{"line":36,"column":78}},"line":36},"5":{"name":"(anonymous_5)","decl":{"start":{"line":39,"column":23},"end":{"line":39,"column":24}},"loc":{"start":{"line":39,"column":46},"end":{"line":42,"column":3}},"line":39},"6":{"name":"(anonymous_6)","decl":{"start":{"line":44,"column":24},"end":{"line":44,"column":25}},"loc":{"start":{"line":44,"column":52},"end":{"line":52,"column":3}},"line":44},"7":{"name":"(anonymous_7)","decl":{"start":{"line":59,"column":17},"end":{"line":59,"column":18}},"loc":{"start":{"line":59,"column":23},"end":{"line":59,"column":41}},"line":59},"8":{"name":"(anonymous_8)","decl":{"start":{"line":70,"column":21},"end":{"line":70,"column":22}},"loc":{"start":{"line":71,"column":12},"end":{"line":79,"column":17}},"line":71},"9":{"name":"(anonymous_9)","decl":{"start":{"line":74,"column":23},"end":{"line":74,"column":24}},"loc":{"start":{"line":74,"column":29},"end":{"line":74,"column":53}},"line":74}},"branchMap":{"0":{"loc":{"start":{"line":20,"column":2},"end":{"line":20,"column":27}},"type":"default-arg","locations":[{"start":{"line":20,"column":16},"end":{"line":20,"column":27}}],"line":20},"1":{"loc":{"start":{"line":30,"column":6},"end":{"line":32,"column":7}},"type":"if","locations":[{"start":{"line":30,"column":6},"end":{"line":32,"column":7}},{"start":{},"end":{}}],"line":30},"2":{"loc":{"start":{"line":30,"column":10},"end":{"line":30,"column":64}},"type":"binary-expr","locations":[{"start":{"line":30,"column":10},"end":{"line":30,"column":21}},{"start":{"line":30,"column":25},"end":{"line":30,"column":64}}],"line":30},"3":{"loc":{"start":{"line":45,"column":4},"end":{"line":48,"column":5}},"type":"if","locations":[{"start":{"line":45,"column":4},"end":{"line":48,"column":5}},{"start":{},"end":{}}],"line":45},"4":{"loc":{"start":{"line":45,"column":8},"end":{"line":45,"column":42}},"type":"binary-expr","locations":[{"start":{"line":45,"column":8},"end":{"line":45,"column":25}},{"start":{"line":45,"column":29},"end":{"line":45,"column":42}}],"line":45},"5":{"loc":{"start":{"line":49,"column":4},"end":{"line":51,"column":5}},"type":"if","locations":[{"start":{"line":49,"column":4},"end":{"line":51,"column":5}},{"start":{},"end":{}}],"line":49},"6":{"loc":{"start":{"line":56,"column":7},"end":{"line":56,"column":63}},"type":"binary-expr","locations":[{"start":{"line":56,"column":7},"end":{"line":56,"column":12}},{"start":{"line":56,"column":16},"end":{"line":56,"column":63}}],"line":56},"7":{"loc":{"start":{"line":58,"column":39},"end":{"line":58,"column":68}},"type":"cond-expr","locations":[{"start":{"line":58,"column":48},"end":{"line":58,"column":63}},{"start":{"line":58,"column":66},"end":{"line":58,"column":68}}],"line":58},"8":{"loc":{"start":{"line":66,"column":9},"end":{"line":66,"column":56}},"type":"cond-expr","locations":[{"start":{"line":66,"column":24},"end":{"line":66,"column":42}},{"start":{"line":66,"column":45},"end":{"line":66,"column":56}}],"line":66},"9":{"loc":{"start":{"line":68,"column":7},"end":{"line":82,"column":7}},"type":"binary-expr","locations":[{"start":{"line":68,"column":7},"end":{"line":68,"column":13}},{"start":{"line":69,"column":8},"end":{"line":81,"column":13}}],"line":68},"10":{"loc":{"start":{"line":73,"column":42},"end":{"line":73,"column":94}},"type":"cond-expr","locations":[{"start":{"line":73,"column":65},"end":{"line":73,"column":89}},{"start":{"line":73,"column":92},"end":{"line":73,"column":94}}],"line":73}},"s":{"0":15,"1":15,"2":15,"3":44,"4":15,"5":7,"6":1,"7":1,"8":7,"9":7,"10":7,"11":15,"12":1,"13":1,"14":15,"15":2,"16":1,"17":1,"18":2,"19":1,"20":15,"21":4,"22":12,"23":1},"f":{"0":15,"1":44,"2":7,"3":1,"4":7,"5":1,"6":2,"7":4,"8":12,"9":1},"b":{"0":[14],"1":[1,0],"2":[1,1],"3":[1,1],"4":[2,1],"5":[1,1],"6":[15,1],"7":[4,11],"8":[1,14],"9":[15,4],"10":[0,12]},"_coverageSchema":"1a1c01bbd47fc00a2c39e90264f33305004495a9","hash":"a5ba1fe99a5d23992b80f9896f63774249b66fba"}
,"D:\\Practies\\heartscomponent\\src\\components\\Input\\Input.tsx": {"path":"D:\\Practies\\heartscomponent\\src\\components\\Input\\Input.tsx","statementMap":{"0":{"start":{"line":28,"column":22},"end":{"line":28,"column":29}},"1":{"start":{"line":29,"column":18},"end":{"line":31,"column":46}},"2":{"start":{"line":33,"column":23},"end":{"line":33,"column":43}},"3":{"start":{"line":34,"column":18},"end":{"line":34,"column":63}},"4":{"start":{"line":36,"column":2},"end":{"line":65,"column":4}}},"fnMap":{"0":{"name":"Input","decl":{"start":{"line":16,"column":16},"end":{"line":16,"column":21}},"loc":{"start":{"line":27,"column":15},"end":{"line":66,"column":1}},"line":27}},"branchMap":{"0":{"loc":{"start":{"line":20,"column":2},"end":{"line":20,"column":15}},"type":"default-arg","locations":[{"start":{"line":20,"column":9},"end":{"line":20,"column":15}}],"line":20},"1":{"loc":{"start":{"line":22,"column":2},"end":{"line":22,"column":19}},"type":"default-arg","locations":[{"start":{"line":22,"column":14},"end":{"line":22,"column":19}}],"line":22},"2":{"loc":{"start":{"line":23,"column":2},"end":{"line":23,"column":18}},"type":"default-arg","locations":[{"start":{"line":23,"column":13},"end":{"line":23,"column":18}}],"line":23},"3":{"loc":{"start":{"line":29,"column":18},"end":{"line":31,"column":46}},"type":"cond-expr","locations":[{"start":{"line":30,"column":6},"end":{"line":30,"column":57}},{"start":{"line":31,"column":6},"end":{"line":31,"column":46}}],"line":29},"4":{"loc":{"start":{"line":33,"column":23},"end":{"line":33,"column":43}},"type":"binary-expr","locations":[{"start":{"line":33,"column":23},"end":{"line":33,"column":32}},{"start":{"line":33,"column":36},"end":{"line":33,"column":43}}],"line":33},"5":{"loc":{"start":{"line":34,"column":18},"end":{"line":34,"column":63}},"type":"cond-expr","locations":[{"start":{"line":34,"column":33},"end":{"line":34,"column":51}},{"start":{"line":34,"column":54},"end":{"line":34,"column":63}}],"line":34},"6":{"loc":{"start":{"line":38,"column":7},"end":{"line":43,"column":7}},"type":"binary-expr","locations":[{"start":{"line":38,"column":7},"end":{"line":38,"column":12}},{"start":{"line":39,"column":8},"end":{"line":42,"column":16}}],"line":38},"7":{"loc":{"start":{"line":41,"column":11},"end":{"line":41,"column":65}},"type":"binary-expr","locations":[{"start":{"line":41,"column":11},"end":{"line":41,"column":19}},{"start":{"line":41,"column":23},"end":{"line":41,"column":65}}],"line":41},"8":{"loc":{"start":{"line":47,"column":28},"end":{"line":47,"column":61}},"type":"cond-expr","locations":[{"start":{"line":47,"column":43},"end":{"line":47,"column":56}},{"start":{"line":47,"column":59},"end":{"line":47,"column":61}}],"line":47},"9":{"loc":{"start":{"line":59,"column":7},"end":{"line":63,"column":7}},"type":"binary-expr","locations":[{"start":{"line":59,"column":7},"end":{"line":59,"column":19}},{"start":{"line":60,"column":8},"end":{"line":62,"column":15}}],"line":59}},"s":{"0":8,"1":8,"2":8,"3":8,"4":8},"f":{"0":8},"b":{"0":[7],"1":[7],"2":[7],"3":[4,4],"4":[8,1],"5":[1,7],"6":[8,4],"7":[4,1],"8":[1,7],"9":[8,1]},"_coverageSchema":"1a1c01bbd47fc00a2c39e90264f33305004495a9","hash":"288229e88b45f8a3abc6971190dd6af66df76139"}
,"D:\\Practies\\heartscomponent\\src\\components\\Modal\\Modal.tsx": {"path":"D:\\Practies\\heartscomponent\\src\\components\\Modal\\Modal.tsx","statementMap":{"0":{"start":{"line":11,"column":19},"end":{"line":11,"column":47}},"1":{"start":{"line":13,"column":2},"end":{"line":24,"column":24}},"2":{"start":{"line":14,"column":25},"end":{"line":16,"column":5}},"3":{"start":{"line":15,"column":6},"end":{"line":15,"column":40}},"4":{"start":{"line":15,"column":30},"end":{"line":15,"column":40}},"5":{"start":{"line":18,"column":4},"end":{"line":21,"column":5}},"6":{"start":{"line":19,"column":6},"end":{"line":19,"column":57}},"7":{"start":{"line":20,"column":6},"end":{"line":20,"column":32}},"8":{"start":{"line":23,"column":4},"end":{"line":23,"column":71}},"9":{"start":{"line":23,"column":17},"end":{"line":23,"column":70}},"10":{"start":{"line":26,"column":2},"end":{"line":26,"column":27}},"11":{"start":{"line":26,"column":15},"end":{"line":26,"column":27}},"12":{"start":{"line":28,"column":2},"end":{"line":50,"column":4}},"13":{"start":{"line":37,"column":24},"end":{"line":37,"column":43}}},"fnMap":{"0":{"name":"Modal","decl":{"start":{"line":10,"column":16},"end":{"line":10,"column":21}},"loc":{"start":{"line":10,"column":72},"end":{"line":51,"column":1}},"line":10},"1":{"name":"(anonymous_1)","decl":{"start":{"line":13,"column":12},"end":{"line":13,"column":13}},"loc":{"start":{"line":13,"column":18},"end":{"line":24,"column":3}},"line":13},"2":{"name":"(anonymous_2)","decl":{"start":{"line":14,"column":25},"end":{"line":14,"column":26}},"loc":{"start":{"line":14,"column":47},"end":{"line":16,"column":5}},"line":14},"3":{"name":"(anonymous_3)","decl":{"start":{"line":23,"column":11},"end":{"line":23,"column":12}},"loc":{"start":{"line":23,"column":17},"end":{"line":23,"column":70}},"line":23},"4":{"name":"(anonymous_4)","decl":{"start":{"line":37,"column":17},"end":{"line":37,"column":18}},"loc":{"start":{"line":37,"column":24},"end":{"line":37,"column":43}},"line":37}},"branchMap":{"0":{"loc":{"start":{"line":15,"column":6},"end":{"line":15,"column":40}},"type":"if","locations":[{"start":{"line":15,"column":6},"end":{"line":15,"column":40}},{"start":{},"end":{}}],"line":15},"1":{"loc":{"start":{"line":18,"column":4},"end":{"line":21,"column":5}},"type":"if","locations":[{"start":{"line":18,"column":4},"end":{"line":21,"column":5}},{"start":{},"end":{}}],"line":18},"2":{"loc":{"start":{"line":26,"column":2},"end":{"line":26,"column":27}},"type":"if","locations":[{"start":{"line":26,"column":2},"end":{"line":26,"column":27}},{"start":{},"end":{}}],"line":26},"3":{"loc":{"start":{"line":39,"column":9},"end":{"line":43,"column":9}},"type":"binary-expr","locations":[{"start":{"line":39,"column":9},"end":{"line":39,"column":14}},{"start":{"line":40,"column":10},"end":{"line":42,"column":16}}],"line":39}},"s":{"0":3,"1":3,"2":3,"3":1,"4":1,"5":3,"6":2,"7":2,"8":3,"9":3,"10":3,"11":1,"12":2,"13":0},"f":{"0":3,"1":3,"2":1,"3":3,"4":0},"b":{"0":[1,0],"1":[2,1],"2":[1,2],"3":[2,2]},"_coverageSchema":"1a1c01bbd47fc00a2c39e90264f33305004495a9","hash":"ac54a5f90044dd958c29824faa30415db2605e8a"}
,"D:\\Practies\\heartscomponent\\src\\components\\Tabs\\Tabs.tsx": {"path":"D:\\Practies\\heartscomponent\\src\\components\\Tabs\\Tabs.tsx","statementMap":{"0":{"start":{"line":15,"column":40},"end":{"line":15,"column":62}},"1":{"start":{"line":17,"column":25},"end":{"line":20,"column":3}},"2":{"start":{"line":18,"column":4},"end":{"line":18,"column":26}},"3":{"start":{"line":19,"column":4},"end":{"line":19,"column":22}},"4":{"start":{"line":22,"column":2},"end":{"line":41,"column":4}},"5":{"start":{"line":26,"column":10},"end":{"line":34,"column":19}},"6":{"start":{"line":29,"column":27},"end":{"line":29,"column":48}}},"fnMap":{"0":{"name":"Tabs","decl":{"start":{"line":14,"column":16},"end":{"line":14,"column":20}},"loc":{"start":{"line":14,"column":70},"end":{"line":42,"column":1}},"line":14},"1":{"name":"(anonymous_1)","decl":{"start":{"line":17,"column":25},"end":{"line":17,"column":26}},"loc":{"start":{"line":17,"column":44},"end":{"line":20,"column":3}},"line":17},"2":{"name":"(anonymous_2)","decl":{"start":{"line":25,"column":18},"end":{"line":25,"column":19}},"loc":{"start":{"line":26,"column":10},"end":{"line":34,"column":19}},"line":26},"3":{"name":"(anonymous_3)","decl":{"start":{"line":29,"column":21},"end":{"line":29,"column":22}},"loc":{"start":{"line":29,"column":27},"end":{"line":29,"column":48}},"line":29}},"branchMap":{"0":{"loc":{"start":{"line":14,"column":29},"end":{"line":14,"column":45}},"type":"default-arg","locations":[{"start":{"line":14,"column":44},"end":{"line":14,"column":45}}],"line":14},"1":{"loc":{"start":{"line":28,"column":37},"end":{"line":28,"column":78}},"type":"cond-expr","locations":[{"start":{"line":28,"column":61},"end":{"line":28,"column":73}},{"start":{"line":28,"column":76},"end":{"line":28,"column":78}}],"line":28}},"s":{"0":8,"1":8,"2":2,"3":2,"4":8,"5":21,"6":2},"f":{"0":8,"1":2,"2":21,"3":2},"b":{"0":[7],"1":[7,14]},"_coverageSchema":"1a1c01bbd47fc00a2c39e90264f33305004495a9","hash":"f6b463912e7b3d7503ac62597f7b26f3e430f73e"}
,"D:\\Practies\\heartscomponent\\src\\components\\Toggle\\Toggle.tsx": {"path":"D:\\Practies\\heartscomponent\\src\\components\\Toggle\\Toggle.tsx","statementMap":{"0":{"start":{"line":16,"column":48},"end":{"line":16,"column":63}},"1":{"start":{"line":18,"column":4},"end":{"line":18,"column":73}},"2":{"start":{"line":20,"column":22},"end":{"line":25,"column":3}},"3":{"start":{"line":21,"column":4},"end":{"line":21,"column":25}},"4":{"start":{"line":21,"column":18},"end":{"line":21,"column":25}},"5":{"start":{"line":22,"column":24},"end":{"line":22,"column":34}},"6":{"start":{"line":23,"column":4},"end":{"line":23,"column":36}},"7":{"start":{"line":24,"column":4},"end":{"line":24,"column":28}},"8":{"start":{"line":27,"column":2},"end":{"line":47,"column":4}},"9":{"start":{"line":33,"column":10},"end":{"line":36,"column":11}},"10":{"start":{"line":34,"column":12},"end":{"line":34,"column":31}},"11":{"start":{"line":35,"column":12},"end":{"line":35,"column":26}}},"fnMap":{"0":{"name":"Toggle","decl":{"start":{"line":10,"column":16},"end":{"line":10,"column":22}},"loc":{"start":{"line":15,"column":16},"end":{"line":48,"column":1}},"line":15},"1":{"name":"(anonymous_1)","decl":{"start":{"line":20,"column":22},"end":{"line":20,"column":23}},"loc":{"start":{"line":20,"column":28},"end":{"line":25,"column":3}},"line":20},"2":{"name":"(anonymous_2)","decl":{"start":{"line":32,"column":19},"end":{"line":32,"column":20}},"loc":{"start":{"line":32,"column":26},"end":{"line":37,"column":9}},"line":32}},"branchMap":{"0":{"loc":{"start":{"line":14,"column":2},"end":{"line":14,"column":18}},"type":"default-arg","locations":[{"start":{"line":14,"column":13},"end":{"line":14,"column":18}}],"line":14},"1":{"loc":{"start":{"line":18,"column":4},"end":{"line":18,"column":73}},"type":"cond-expr","locations":[{"start":{"line":18,"column":38},"end":{"line":18,"column":55}},{"start":{"line":18,"column":58},"end":{"line":18,"column":73}}],"line":18},"2":{"loc":{"start":{"line":21,"column":4},"end":{"line":21,"column":25}},"type":"if","locations":[{"start":{"line":21,"column":4},"end":{"line":21,"column":25}},{"start":{},"end":{}}],"line":21},"3":{"loc":{"start":{"line":28,"column":32},"end":{"line":28,"column":65}},"type":"cond-expr","locations":[{"start":{"line":28,"column":43},"end":{"line":28,"column":60}},{"start":{"line":28,"column":63},"end":{"line":28,"column":65}}],"line":28},"4":{"loc":{"start":{"line":30,"column":35},"end":{"line":30,"column":68}},"type":"cond-expr","locations":[{"start":{"line":30,"column":47},"end":{"line":30,"column":63}},{"start":{"line":30,"column":66},"end":{"line":30,"column":68}}],"line":30},"5":{"loc":{"start":{"line":33,"column":10},"end":{"line":36,"column":11}},"type":"if","locations":[{"start":{"line":33,"column":10},"end":{"line":36,"column":11}},{"start":{},"end":{}}],"line":33},"6":{"loc":{"start":{"line":33,"column":14},"end":{"line":33,"column":48}},"type":"binary-expr","locations":[{"start":{"line":33,"column":14},"end":{"line":33,"column":31}},{"start":{"line":33,"column":35},"end":{"line":33,"column":48}}],"line":33},"7":{"loc":{"start":{"line":41,"column":18},"end":{"line":41,"column":35}},"type":"cond-expr","locations":[{"start":{"line":41,"column":29},"end":{"line":41,"column":31}},{"start":{"line":41,"column":34},"end":{"line":41,"column":35}}],"line":41},"8":{"loc":{"start":{"line":45,"column":7},"end":{"line":45,"column":61}},"type":"binary-expr","locations":[{"start":{"line":45,"column":7},"end":{"line":45,"column":12}},{"start":{"line":45,"column":16},"end":{"line":45,"column":61}}],"line":45}},"s":{"0":10,"1":10,"2":10,"3":5,"4":1,"5":4,"6":4,"7":4,"8":10,"9":2,"10":2,"11":2},"f":{"0":10,"1":5,"2":2},"b":{"0":[9],"1":[1,9],"2":[1,4],"3":[1,9],"4":[3,7],"5":[2,0],"6":[2,1],"7":[1,9],"8":[10,4]},"_coverageSchema":"1a1c01bbd47fc00a2c39e90264f33305004495a9","hash":"f0acc6dc6006e5df9596c2e52ce5abe8e076c62c"}
}
