TN:
SF:src\components\Alert\Alert.tsx
FN:10,Alert
FN:20,(anonymous_1)
FNF:2
FNH:2
FNDA:6,Alert
FNDA:1,(anonymous_1)
DA:16,6
DA:18,6
DA:20,5
DA:21,1
DA:22,1
DA:25,5
LF:6
LH:6
BRDA:12,0,0,5
BRDA:13,1,0,3
BRDA:18,2,0,1
BRDA:18,2,1,5
BRDA:28,3,0,5
BRDA:28,3,1,2
BRF:6
BRH:6
end_of_record
TN:
SF:src\components\Button\Button.tsx
FN:12,Button
FNF:1
FNH:1
FNDA:5,Button
DA:20,5
DA:22,5
LF:2
LH:2
BRDA:15,0,0,4
BRDA:16,1,0,4
BRDA:17,2,0,4
BRDA:18,3,0,5
BRDA:20,4,0,5
BRDA:20,4,1,4
BRDA:24,5,0,1
BRDA:24,5,1,4
BRDA:25,6,0,2
BRDA:25,6,1,3
BRDA:28,7,0,1
BRDA:28,7,1,4
BRF:12
BRH:12
end_of_record
TN:
SF:src\components\Card\Card.tsx
FN:11,Card
FNF:1
FNH:1
FNDA:6,Card
DA:18,6
LF:1
LH:1
BRDA:16,0,0,5
BRDA:20,1,0,6
BRDA:20,1,1,1
BRDA:20,2,0,1
BRDA:20,2,1,0
BRDA:21,3,0,6
BRDA:21,3,1,2
BRDA:27,4,0,6
BRDA:27,4,1,1
BRF:9
BRH:8
end_of_record
TN:
SF:src\components\Dropdown\Dropdown.tsx
FN:16,Dropdown
FN:26,(anonymous_1)
FN:28,(anonymous_2)
FN:29,(anonymous_3)
FN:36,(anonymous_4)
FN:39,(anonymous_5)
FN:44,(anonymous_6)
FN:59,(anonymous_7)
FN:70,(anonymous_8)
FN:74,(anonymous_9)
FNF:10
FNH:10
FNDA:15,Dropdown
FNDA:44,(anonymous_1)
FNDA:7,(anonymous_2)
FNDA:1,(anonymous_3)
FNDA:7,(anonymous_4)
FNDA:1,(anonymous_5)
FNDA:2,(anonymous_6)
FNDA:4,(anonymous_7)
FNDA:12,(anonymous_8)
FNDA:1,(anonymous_9)
DA:23,15
DA:24,15
DA:26,44
DA:28,15
DA:29,7
DA:30,1
DA:31,1
DA:35,7
DA:36,7
DA:39,15
DA:40,1
DA:41,1
DA:44,15
DA:45,2
DA:46,1
DA:47,1
DA:49,2
DA:50,1
DA:54,15
DA:59,4
DA:71,12
DA:74,1
LF:22
LH:22
BRDA:20,0,0,14
BRDA:30,1,0,1
BRDA:30,1,1,0
BRDA:30,2,0,1
BRDA:30,2,1,1
BRDA:45,3,0,1
BRDA:45,3,1,1
BRDA:45,4,0,2
BRDA:45,4,1,1
BRDA:49,5,0,1
BRDA:49,5,1,1
BRDA:56,6,0,15
BRDA:56,6,1,1
BRDA:58,7,0,4
BRDA:58,7,1,11
BRDA:66,8,0,1
BRDA:66,8,1,14
BRDA:68,9,0,15
BRDA:68,9,1,4
BRDA:73,10,0,0
BRDA:73,10,1,12
BRF:21
BRH:19
end_of_record
TN:
SF:src\components\Input\Input.tsx
FN:16,Input
FNF:1
FNH:1
FNDA:8,Input
DA:28,8
DA:29,8
DA:33,8
DA:34,8
DA:36,8
LF:5
LH:5
BRDA:20,0,0,7
BRDA:22,1,0,7
BRDA:23,2,0,7
BRDA:29,3,0,4
BRDA:29,3,1,4
BRDA:33,4,0,8
BRDA:33,4,1,1
BRDA:34,5,0,1
BRDA:34,5,1,7
BRDA:38,6,0,8
BRDA:38,6,1,4
BRDA:41,7,0,4
BRDA:41,7,1,1
BRDA:47,8,0,1
BRDA:47,8,1,7
BRDA:59,9,0,8
BRDA:59,9,1,1
BRF:17
BRH:17
end_of_record
TN:
SF:src\components\Modal\Modal.tsx
FN:10,Modal
FN:13,(anonymous_1)
FN:14,(anonymous_2)
FN:23,(anonymous_3)
FN:37,(anonymous_4)
FNF:5
FNH:4
FNDA:3,Modal
FNDA:3,(anonymous_1)
FNDA:1,(anonymous_2)
FNDA:3,(anonymous_3)
FNDA:0,(anonymous_4)
DA:11,3
DA:13,3
DA:14,3
DA:15,1
DA:18,3
DA:19,2
DA:20,2
DA:23,3
DA:26,3
DA:28,2
DA:37,0
LF:11
LH:10
BRDA:15,0,0,1
BRDA:15,0,1,0
BRDA:18,1,0,2
BRDA:18,1,1,1
BRDA:26,2,0,1
BRDA:26,2,1,2
BRDA:39,3,0,2
BRDA:39,3,1,2
BRF:8
BRH:7
end_of_record
TN:
SF:src\components\Tabs\Tabs.tsx
FN:14,Tabs
FN:17,(anonymous_1)
FN:25,(anonymous_2)
FN:29,(anonymous_3)
FNF:4
FNH:4
FNDA:8,Tabs
FNDA:2,(anonymous_1)
FNDA:21,(anonymous_2)
FNDA:2,(anonymous_3)
DA:15,8
DA:17,8
DA:18,2
DA:19,2
DA:22,8
DA:26,21
DA:29,2
LF:7
LH:7
BRDA:14,0,0,7
BRDA:28,1,0,7
BRDA:28,1,1,14
BRF:3
BRH:3
end_of_record
TN:
SF:src\components\Toggle\Toggle.tsx
FN:10,Toggle
FN:20,(anonymous_1)
FN:32,(anonymous_2)
FNF:3
FNH:3
FNDA:10,Toggle
FNDA:5,(anonymous_1)
FNDA:2,(anonymous_2)
DA:16,10
DA:18,10
DA:20,10
DA:21,5
DA:22,4
DA:23,4
DA:24,4
DA:27,10
DA:33,2
DA:34,2
DA:35,2
LF:11
LH:11
BRDA:14,0,0,9
BRDA:18,1,0,1
BRDA:18,1,1,9
BRDA:21,2,0,1
BRDA:21,2,1,4
BRDA:28,3,0,1
BRDA:28,3,1,9
BRDA:30,4,0,3
BRDA:30,4,1,7
BRDA:33,5,0,2
BRDA:33,5,1,0
BRDA:33,6,0,2
BRDA:33,6,1,1
BRDA:41,7,0,1
BRDA:41,7,1,9
BRDA:45,8,0,10
BRDA:45,8,1,4
BRF:17
BRH:16
end_of_record
